<?xml version="1.0" encoding="UTF-8"?>
<testng-results skipped="0" failed="0" total="1" passed="1">
  <reporter-output>
  </reporter-output>
  <suite name="Default suite" duration-ms="5102" started-at="2022-11-04T03:11:48Z" finished-at="2022-11-04T03:11:53Z">
    <groups>
    </groups>
    <test name="Default test" duration-ms="5102" started-at="2022-11-04T03:11:48Z" finished-at="2022-11-04T03:11:53Z">
      <class name="tests.admin.tax.GetTaxAdmin">
        <test-method status="PASS" signature="setUpConfiguration()[pri:0, instance:tests.admin.tax.GetTaxAdmin@21a5b599]" name="setUpConfiguration" is-config="true" duration-ms="3721" started-at="2022-11-04T08:41:48Z" finished-at="2022-11-04T08:41:52Z">
          <reporter-output>
          </reporter-output>
        </test-method> <!-- setUpConfiguration -->
        <test-method status="PASS" signature="testGetAllTaxes()[pri:0, instance:tests.admin.tax.GetTaxAdmin@21a5b599]" name="testGetAllTaxes" duration-ms="850" started-at="2022-11-04T08:41:52Z" finished-at="2022-11-04T08:41:53Z">
          <reporter-output>
          </reporter-output>
        </test-method> <!-- testGetAllTaxes -->
        <test-method status="PASS" signature="logout()[pri:0, instance:tests.admin.tax.GetTaxAdmin@21a5b599]" name="logout" is-config="true" duration-ms="433" started-at="2022-11-04T08:41:53Z" finished-at="2022-11-04T08:41:53Z">
          <reporter-output>
          </reporter-output>
        </test-method> <!-- logout -->
      </class> <!-- tests.admin.tax.GetTaxAdmin -->
    </test> <!-- Default test -->
  </suite> <!-- Default suite -->
</testng-results>
